15:24:36.076 [main] INFO  javadatabases.OperatorDatabase - Connected to server successfull
15:24:36.092 [main] INFO  javadatabases.OperatorDatabase - Database already exists
15:24:36.093 [main] INFO  javadatabases.OperatorDatabase - Database selected successfully
15:24:36.095 [main] INFO  javadatabases.OperatorDatabase - Operator table already exists
15:24:36.096 [main] INFO  javadatabases.OperatorDatabase - Message table already exists
15:24:36.126 [main] INFO  javadatabases.OperatorDatabase - Duplicate values inserted in operator table
15:24:36.136 [main] INFO  javadatabases.OperatorDatabase - Duplicate values inserted in message table
15:24:36.153 [main] INFO  javadatabases.OperatorDatabase - executing query : Select MESSAGE FROM MESSAGE_DATA WHERE SENDER_NUMBER = 8872049908
15:24:36.153 [main] INFO  javadatabases.OperatorDatabase - messages: same time same place
15:24:36.153 [main] INFO  javadatabases.OperatorDatabase - messages: thats it for you
15:24:36.153 [main] INFO  javadatabases.OperatorDatabase - ****
15:24:36.154 [main] INFO  javadatabases.OperatorDatabase - executing query : Select MESSAGE FROM MESSAGE_DATA WHERE RECIEVER_NUMBER = 9872848978
15:24:36.154 [main] INFO  javadatabases.OperatorDatabase - messages: Hi ali hows you
15:24:36.155 [main] INFO  javadatabases.OperatorDatabase - ****
15:24:36.156 [main] INFO  javadatabases.OperatorDatabase - executing query : Select MESSAGE FROM MESSAGE_DATA WHERE YEAR(SENT_TIME) BETWEEN 2021 AND 2022
15:24:36.156 [main] INFO  javadatabases.OperatorDatabase - messages: we are going to have a problem soon bro
15:24:36.156 [main] INFO  javadatabases.OperatorDatabase - messages: hehehehehhehe
15:24:36.157 [main] INFO  javadatabases.OperatorDatabase - messages: hehehehehhehe
15:24:36.157 [main] INFO  javadatabases.OperatorDatabase - messages: its time to sleep
15:24:36.157 [main] INFO  javadatabases.OperatorDatabase - messages: see you bro there
15:24:36.157 [main] INFO  javadatabases.OperatorDatabase - messages: same time same place
15:24:36.157 [main] INFO  javadatabases.OperatorDatabase - messages: we are going to gym
15:24:36.157 [main] INFO  javadatabases.OperatorDatabase - messages: dont call back 
15:24:36.158 [main] INFO  javadatabases.OperatorDatabase - messages: please call back
15:24:36.158 [main] INFO  javadatabases.OperatorDatabase - messages: we ll probably not finish this by today
15:24:36.158 [main] INFO  javadatabases.OperatorDatabase - messages: we ll do that
15:24:36.158 [main] INFO  javadatabases.OperatorDatabase - messages: thats it for you
15:24:36.158 [main] INFO  javadatabases.OperatorDatabase - messages: they are late
15:24:36.158 [main] INFO  javadatabases.OperatorDatabase - messages: rejected idea
15:24:36.159 [main] INFO  javadatabases.OperatorDatabase - messages: select them all
15:24:36.159 [main] INFO  javadatabases.OperatorDatabase - messages: buy everything
15:24:36.159 [main] INFO  javadatabases.OperatorDatabase - messages: got it
15:24:36.159 [main] INFO  javadatabases.OperatorDatabase - messages: thats it tired
15:24:36.159 [main] INFO  javadatabases.OperatorDatabase - messages: Hi ali hows you
15:24:36.159 [main] INFO  javadatabases.OperatorDatabase - ****
15:24:36.161 [main] INFO  javadatabases.OperatorDatabase - executing query : Select MESSAGE FROM MESSAGE_DATA WHERE RECIEVER_NUMBER = 9872848978 AND FLOOR(((SENDER_NUMBER/100000) %10)) = 4
15:24:36.161 [main] INFO  javadatabases.OperatorDatabase - messages: Hi ali hows you
15:24:36.161 [main] INFO  javadatabases.OperatorDatabase - ****
15:24:36.162 [main] INFO  javadatabases.OperatorDatabase - executing query : Select MESSAGE FROM MESSAGE_DATA WHERE RECIEVER_NUMBER = 8872349908 AND FLOOR(((SENDER_NUMBER/100000) %10)) = 4 AND FLOOR(SENDER_NUMBER/1000000) = 9872
15:24:36.162 [main] INFO  javadatabases.OperatorDatabase - messages: please call back
15:24:36.162 [main] INFO  javadatabases.OperatorDatabase - messages: select them all
15:24:36.162 [main] INFO  javadatabases.OperatorDatabase - ****
15:24:36.163 [main] INFO  javadatabases.OperatorDatabase - executing query : Select MESSAGE FROM MESSAGE_DATA WHERE FLOOR(RECIEVER_NUMBER/100) = 98728489
15:24:36.164 [main] INFO  javadatabases.OperatorDatabase - messages: we are going to have a problem soon bro
15:24:36.164 [main] INFO  javadatabases.OperatorDatabase - messages: we ll probably not finish this by today
15:24:36.164 [main] INFO  javadatabases.OperatorDatabase - messages: got it
15:24:36.164 [main] INFO  javadatabases.OperatorDatabase - messages: Hi ali hows you
15:24:36.164 [main] INFO  javadatabases.OperatorDatabase - ****
15:24:36.165 [main] INFO  javadatabases.OperatorDatabase - executing query : Select MESSAGE FROM MESSAGE_DATA WHERE STATUS = 'failed' AND FLOOR(((SENDER_NUMBER/100000) %10)) = 4
15:24:36.165 [main] INFO  javadatabases.OperatorDatabase - messages: hehehehehhehe
15:24:36.165 [main] INFO  javadatabases.OperatorDatabase - messages: see you bro there
15:42:00.733 [main] INFO  javadatabases.OperatorDatabase - Connected to server successfull
15:42:00.749 [main] INFO  javadatabases.OperatorDatabase - Database already exists
15:42:00.750 [main] INFO  javadatabases.OperatorDatabase - Database selected successfully
15:42:00.751 [main] INFO  javadatabases.OperatorDatabase - Operator table already exists
15:42:00.752 [main] INFO  javadatabases.OperatorDatabase - Message table already exists
15:42:00.783 [main] INFO  javadatabases.OperatorDatabase - Duplicate values inserted in operator table
15:42:00.793 [main] INFO  javadatabases.OperatorDatabase - Duplicate values inserted in message table
15:42:00.809 [main] INFO  javadatabases.OperatorDatabase - executing query : Select MESSAGE FROM MESSAGE_DATA WHERE SENDER_NUMBER = 8872049908
15:42:00.810 [main] INFO  javadatabases.OperatorDatabase - messages: same time same place
15:42:00.810 [main] INFO  javadatabases.OperatorDatabase - messages: thats it for you
15:42:00.810 [main] INFO  javadatabases.OperatorDatabase - ****
15:42:00.811 [main] INFO  javadatabases.OperatorDatabase - executing query : Select MESSAGE FROM MESSAGE_DATA WHERE RECIEVER_NUMBER = 9872848978
15:42:00.811 [main] INFO  javadatabases.OperatorDatabase - messages: Hi ali hows you
15:42:00.811 [main] INFO  javadatabases.OperatorDatabase - ****
15:42:00.813 [main] INFO  javadatabases.OperatorDatabase - executing query : Select MESSAGE FROM MESSAGE_DATA WHERE YEAR(SENT_TIME) BETWEEN 2021 AND 2022
15:42:00.813 [main] INFO  javadatabases.OperatorDatabase - messages: we are going to have a problem soon bro
15:42:00.813 [main] INFO  javadatabases.OperatorDatabase - messages: hehehehehhehe
15:42:00.813 [main] INFO  javadatabases.OperatorDatabase - messages: hehehehehhehe
15:42:00.813 [main] INFO  javadatabases.OperatorDatabase - messages: its time to sleep
15:42:00.813 [main] INFO  javadatabases.OperatorDatabase - messages: see you bro there
15:42:00.813 [main] INFO  javadatabases.OperatorDatabase - messages: same time same place
15:42:00.814 [main] INFO  javadatabases.OperatorDatabase - messages: we are going to gym
15:42:00.814 [main] INFO  javadatabases.OperatorDatabase - messages: dont call back 
15:42:00.814 [main] INFO  javadatabases.OperatorDatabase - messages: please call back
15:42:00.814 [main] INFO  javadatabases.OperatorDatabase - messages: we ll probably not finish this by today
15:42:00.814 [main] INFO  javadatabases.OperatorDatabase - messages: we ll do that
15:42:00.814 [main] INFO  javadatabases.OperatorDatabase - messages: thats it for you
15:42:00.814 [main] INFO  javadatabases.OperatorDatabase - messages: they are late
15:42:00.814 [main] INFO  javadatabases.OperatorDatabase - messages: rejected idea
15:42:00.815 [main] INFO  javadatabases.OperatorDatabase - messages: select them all
15:42:00.815 [main] INFO  javadatabases.OperatorDatabase - messages: buy everything
15:42:00.815 [main] INFO  javadatabases.OperatorDatabase - messages: got it
15:42:00.815 [main] INFO  javadatabases.OperatorDatabase - messages: thats it tired
15:42:00.815 [main] INFO  javadatabases.OperatorDatabase - messages: Hi ali hows you
15:42:00.815 [main] INFO  javadatabases.OperatorDatabase - ****
15:42:00.816 [main] INFO  javadatabases.OperatorDatabase - executing query : Select MESSAGE FROM MESSAGE_DATA WHERE RECIEVER_NUMBER = 9872848978 AND FLOOR(((SENDER_NUMBER/100000) %10)) = 4
15:42:00.817 [main] INFO  javadatabases.OperatorDatabase - messages: Hi ali hows you
15:42:00.818 [main] INFO  javadatabases.OperatorDatabase - ****
15:42:00.818 [main] INFO  javadatabases.OperatorDatabase - executing query : Select MESSAGE FROM MESSAGE_DATA WHERE RECIEVER_NUMBER = 8872349908 AND FLOOR(((SENDER_NUMBER/100000) %10)) = 4 AND FLOOR(SENDER_NUMBER/1000000) = 9872
15:42:00.818 [main] INFO  javadatabases.OperatorDatabase - messages: please call back
15:42:00.819 [main] INFO  javadatabases.OperatorDatabase - messages: select them all
15:42:00.819 [main] INFO  javadatabases.OperatorDatabase - ****
15:42:00.819 [main] INFO  javadatabases.OperatorDatabase - executing query : Select MESSAGE FROM MESSAGE_DATA WHERE FLOOR(RECIEVER_NUMBER/100) = 98728489
15:42:00.819 [main] INFO  javadatabases.OperatorDatabase - messages: we are going to have a problem soon bro
15:42:00.819 [main] INFO  javadatabases.OperatorDatabase - messages: we ll probably not finish this by today
15:42:00.819 [main] INFO  javadatabases.OperatorDatabase - messages: got it
15:42:00.820 [main] INFO  javadatabases.OperatorDatabase - messages: Hi ali hows you
15:42:00.821 [main] INFO  javadatabases.OperatorDatabase - ****
15:42:00.821 [main] INFO  javadatabases.OperatorDatabase - executing query : Select MESSAGE FROM MESSAGE_DATA WHERE STATUS = 'failed' AND FLOOR(((SENDER_NUMBER/100000) %10)) = 4
15:42:00.822 [main] INFO  javadatabases.OperatorDatabase - messages: hehehehehhehe
15:42:00.822 [main] INFO  javadatabases.OperatorDatabase - messages: see you bro there
16:54:42.372 [main] INFO  javadatabases.OperatorDatabase - Connected to server successfull
16:54:42.387 [main] INFO  javadatabases.OperatorDatabase - Database already exists
16:54:42.388 [main] INFO  javadatabases.OperatorDatabase - Database selected successfully
16:54:42.389 [main] INFO  javadatabases.OperatorDatabase - Operator table already exists
16:54:42.390 [main] INFO  javadatabases.OperatorDatabase - Message table already exists
16:54:42.422 [main] INFO  javadatabases.OperatorDatabase - Duplicate values inserted in operator table
16:54:42.431 [main] INFO  javadatabases.OperatorDatabase - Duplicate values inserted in message table
16:54:42.452 [main] INFO  javadatabases.OperatorDatabase - executing query : Select MESSAGE FROM MESSAGE_DATA WHERE SENDER_NUMBER = 8872049908
16:54:42.452 [main] INFO  javadatabases.OperatorDatabase - messages: same time same place
16:54:42.452 [main] INFO  javadatabases.OperatorDatabase - messages: thats it for you
16:54:42.452 [main] INFO  javadatabases.OperatorDatabase - ****
16:54:42.453 [main] INFO  javadatabases.OperatorDatabase - executing query : Select MESSAGE FROM MESSAGE_DATA WHERE RECIEVER_NUMBER = 9872848978
16:54:42.453 [main] INFO  javadatabases.OperatorDatabase - messages: Hi ali hows you
16:54:42.453 [main] INFO  javadatabases.OperatorDatabase - ****
16:54:42.454 [main] INFO  javadatabases.OperatorDatabase - executing query : Select MESSAGE FROM MESSAGE_DATA WHERE YEAR(SENT_TIME) BETWEEN 2021 AND 2022
16:54:42.454 [main] INFO  javadatabases.OperatorDatabase - messages: we are going to have a problem soon bro
16:54:42.454 [main] INFO  javadatabases.OperatorDatabase - messages: hehehehehhehe
16:54:42.454 [main] INFO  javadatabases.OperatorDatabase - messages: hehehehehhehe
16:54:42.455 [main] INFO  javadatabases.OperatorDatabase - messages: its time to sleep
16:54:42.455 [main] INFO  javadatabases.OperatorDatabase - messages: see you bro there
16:54:42.455 [main] INFO  javadatabases.OperatorDatabase - messages: same time same place
16:54:42.455 [main] INFO  javadatabases.OperatorDatabase - messages: we are going to gym
16:54:42.456 [main] INFO  javadatabases.OperatorDatabase - messages: dont call back 
16:54:42.456 [main] INFO  javadatabases.OperatorDatabase - messages: please call back
16:54:42.456 [main] INFO  javadatabases.OperatorDatabase - messages: we ll probably not finish this by today
16:54:42.456 [main] INFO  javadatabases.OperatorDatabase - messages: we ll do that
16:54:42.456 [main] INFO  javadatabases.OperatorDatabase - messages: thats it for you
16:54:42.456 [main] INFO  javadatabases.OperatorDatabase - messages: they are late
16:54:42.456 [main] INFO  javadatabases.OperatorDatabase - messages: rejected idea
16:54:42.456 [main] INFO  javadatabases.OperatorDatabase - messages: select them all
16:54:42.456 [main] INFO  javadatabases.OperatorDatabase - messages: buy everything
16:54:42.456 [main] INFO  javadatabases.OperatorDatabase - messages: got it
16:54:42.456 [main] INFO  javadatabases.OperatorDatabase - messages: thats it tired
16:54:42.457 [main] INFO  javadatabases.OperatorDatabase - messages: Hi ali hows you
16:54:42.457 [main] INFO  javadatabases.OperatorDatabase - ****
16:54:42.458 [main] INFO  javadatabases.OperatorDatabase - executing query : Select MESSAGE FROM MESSAGE_DATA WHERE RECIEVER_NUMBER = 9872848978 AND FLOOR(((SENDER_NUMBER/100000) %10)) = 4
16:54:42.458 [main] INFO  javadatabases.OperatorDatabase - messages: Hi ali hows you
16:54:42.458 [main] INFO  javadatabases.OperatorDatabase - ****
16:54:42.459 [main] INFO  javadatabases.OperatorDatabase - executing query : Select MESSAGE FROM MESSAGE_DATA WHERE RECIEVER_NUMBER = 8872349908 AND FLOOR(((SENDER_NUMBER/100000) %10)) = 4 AND FLOOR(SENDER_NUMBER/1000000) = 9872
16:54:42.459 [main] INFO  javadatabases.OperatorDatabase - messages: please call back
16:54:42.459 [main] INFO  javadatabases.OperatorDatabase - messages: select them all
16:54:42.459 [main] INFO  javadatabases.OperatorDatabase - ****
16:54:42.460 [main] INFO  javadatabases.OperatorDatabase - executing query : Select MESSAGE FROM MESSAGE_DATA WHERE FLOOR(RECIEVER_NUMBER/100) = 98728489
16:54:42.460 [main] INFO  javadatabases.OperatorDatabase - messages: we are going to have a problem soon bro
16:54:42.460 [main] INFO  javadatabases.OperatorDatabase - messages: we ll probably not finish this by today
16:54:42.461 [main] INFO  javadatabases.OperatorDatabase - messages: got it
16:54:42.461 [main] INFO  javadatabases.OperatorDatabase - messages: Hi ali hows you
16:54:42.461 [main] INFO  javadatabases.OperatorDatabase - ****
16:54:42.462 [main] INFO  javadatabases.OperatorDatabase - executing query : Select MESSAGE FROM MESSAGE_DATA WHERE STATUS = 'failed' AND FLOOR(((SENDER_NUMBER/100000) %10)) = 4
16:54:42.462 [main] INFO  javadatabases.OperatorDatabase - messages: hehehehehhehe
16:54:42.462 [main] INFO  javadatabases.OperatorDatabase - messages: see you bro there
14:41:30.725 [main] INFO  javadatabases.OperatorDatabase - Connected to server successfull
14:41:30.761 [main] INFO  javadatabases.OperatorDatabase - Database created successfully
14:41:30.763 [main] INFO  javadatabases.OperatorDatabase - Database selected successfully
14:41:30.784 [main] ERROR javadatabases.OperatorDatabase - Error while creating operator table
14:42:14.242 [main] INFO  javadatabases.OperatorDatabase - Connected to server successfull
14:42:14.274 [main] INFO  javadatabases.OperatorDatabase - Database already exists
14:42:14.275 [main] INFO  javadatabases.OperatorDatabase - Database selected successfully
14:42:14.277 [main] ERROR javadatabases.OperatorDatabase - Error while creating operator table
14:42:53.583 [main] INFO  javadatabases.OperatorDatabase - Connected to server successfull
14:42:53.606 [main] INFO  javadatabases.OperatorDatabase - Database created successfully
14:42:53.608 [main] INFO  javadatabases.OperatorDatabase - Database selected successfully
14:42:53.634 [main] ERROR javadatabases.OperatorDatabase - Error while creating operator table
14:43:26.008 [main] INFO  javadatabases.OperatorDatabase - Connected to server successfull
14:43:26.036 [main] INFO  javadatabases.OperatorDatabase - Database already exists
14:43:26.037 [main] INFO  javadatabases.OperatorDatabase - Database selected successfully
14:43:26.038 [main] ERROR javadatabases.OperatorDatabase - Error while creating operator table
14:43:43.426 [main] INFO  javadatabases.OperatorDatabase - Connected to server successfull
14:43:43.496 [main] INFO  javadatabases.OperatorDatabase - Database already exists
14:43:43.498 [main] INFO  javadatabases.OperatorDatabase - Database selected successfully
14:43:43.502 [main] ERROR javadatabases.OperatorDatabase - Error while creating operator table
14:45:43.204 [main] INFO  javadatabases.OperatorDatabase - Connected to server successfull
14:45:43.239 [main] INFO  javadatabases.OperatorDatabase - Database already exists
14:45:43.241 [main] INFO  javadatabases.OperatorDatabase - Database selected successfully
14:45:43.243 [main] ERROR javadatabases.OperatorDatabase - Error while creating operator table
14:46:19.145 [main] INFO  javadatabases.OperatorDatabase - Connected to server successfull
14:46:19.182 [main] INFO  javadatabases.OperatorDatabase - Database already exists
14:46:19.184 [main] INFO  javadatabases.OperatorDatabase - Database selected successfully
14:46:19.287 [main] INFO  javadatabases.OperatorDatabase - Created operator table in given database
14:46:19.343 [main] INFO  javadatabases.OperatorDatabase - Created message table in given database
14:46:19.588 [main] INFO  javadatabases.OperatorDatabase - Inserted operator values
14:46:19.725 [main] INFO  javadatabases.OperatorDatabase - Inserted message details values
14:46:19.730 [main] INFO  javadatabases.OperatorDatabase - executing query : Select MESSAGE FROM MESSAGE_DATA WHERE SENDER_NUMBER = 8872049908
14:46:19.730 [main] INFO  javadatabases.OperatorDatabase - messages: same time same place
14:46:19.730 [main] INFO  javadatabases.OperatorDatabase - messages: thats it for you
14:46:19.730 [main] INFO  javadatabases.OperatorDatabase - ****
14:46:19.731 [main] INFO  javadatabases.OperatorDatabase - executing query : Select MESSAGE FROM MESSAGE_DATA WHERE RECIEVER_NUMBER = 9872848978
14:46:19.732 [main] INFO  javadatabases.OperatorDatabase - messages: Hi ali hows you
14:46:19.732 [main] INFO  javadatabases.OperatorDatabase - ****
14:46:19.734 [main] INFO  javadatabases.OperatorDatabase - executing query : Select MESSAGE FROM MESSAGE_DATA WHERE YEAR(SENT_TIME) BETWEEN 2021 AND 2022
14:46:19.734 [main] INFO  javadatabases.OperatorDatabase - messages: we are going to have a problem soon bro
14:46:19.734 [main] INFO  javadatabases.OperatorDatabase - messages: hehehehehhehe
14:46:19.734 [main] INFO  javadatabases.OperatorDatabase - messages: hehehehehhehe
14:46:19.734 [main] INFO  javadatabases.OperatorDatabase - messages: its time to sleep
14:46:19.735 [main] INFO  javadatabases.OperatorDatabase - messages: see you bro there
14:46:19.735 [main] INFO  javadatabases.OperatorDatabase - messages: same time same place
14:46:19.735 [main] INFO  javadatabases.OperatorDatabase - messages: we are going to gym
14:46:19.735 [main] INFO  javadatabases.OperatorDatabase - messages: dont call back 
14:46:19.735 [main] INFO  javadatabases.OperatorDatabase - messages: please call back
14:46:19.735 [main] INFO  javadatabases.OperatorDatabase - messages: we ll probably not finish this by today
14:46:19.736 [main] INFO  javadatabases.OperatorDatabase - messages: we ll do that
14:46:19.736 [main] INFO  javadatabases.OperatorDatabase - messages: thats it for you
14:46:19.736 [main] INFO  javadatabases.OperatorDatabase - messages: they are late
14:46:19.736 [main] INFO  javadatabases.OperatorDatabase - messages: rejected idea
14:46:19.736 [main] INFO  javadatabases.OperatorDatabase - messages: select them all
14:46:19.736 [main] INFO  javadatabases.OperatorDatabase - messages: buy everything
14:46:19.737 [main] INFO  javadatabases.OperatorDatabase - messages: got it
14:46:19.737 [main] INFO  javadatabases.OperatorDatabase - messages: thats it tired
14:46:19.737 [main] INFO  javadatabases.OperatorDatabase - messages: Hi ali hows you
14:46:19.737 [main] INFO  javadatabases.OperatorDatabase - ****
14:46:19.741 [main] INFO  javadatabases.OperatorDatabase - executing query : Select MESSAGE FROM MESSAGE_DATA WHERE RECIEVER_NUMBER = 9872848978 AND FLOOR(((SENDER_NUMBER/100000) %10)) = 4
14:46:19.742 [main] INFO  javadatabases.OperatorDatabase - messages: Hi ali hows you
14:46:19.742 [main] INFO  javadatabases.OperatorDatabase - ****
14:46:19.743 [main] INFO  javadatabases.OperatorDatabase - executing query : Select MESSAGE FROM MESSAGE_DATA WHERE RECIEVER_NUMBER = 8872349908 AND FLOOR(((SENDER_NUMBER/100000) %10)) = 4 AND FLOOR(SENDER_NUMBER/1000000) = 9872
14:46:19.743 [main] INFO  javadatabases.OperatorDatabase - messages: please call back
14:46:19.743 [main] INFO  javadatabases.OperatorDatabase - messages: select them all
14:46:19.743 [main] INFO  javadatabases.OperatorDatabase - ****
14:46:19.744 [main] INFO  javadatabases.OperatorDatabase - executing query : Select MESSAGE FROM MESSAGE_DATA WHERE FLOOR(RECIEVER_NUMBER/100) = 98728489
14:46:19.745 [main] INFO  javadatabases.OperatorDatabase - messages: we are going to have a problem soon bro
14:46:19.745 [main] INFO  javadatabases.OperatorDatabase - messages: we ll probably not finish this by today
14:46:19.745 [main] INFO  javadatabases.OperatorDatabase - messages: got it
14:46:19.745 [main] INFO  javadatabases.OperatorDatabase - messages: Hi ali hows you
14:46:19.745 [main] INFO  javadatabases.OperatorDatabase - ****
14:46:19.747 [main] INFO  javadatabases.OperatorDatabase - executing query : Select MESSAGE FROM MESSAGE_DATA WHERE STATUS = 'failed' AND FLOOR(((SENDER_NUMBER/100000) %10)) = 4
14:46:19.747 [main] INFO  javadatabases.OperatorDatabase - messages: hehehehehhehe
14:46:19.747 [main] INFO  javadatabases.OperatorDatabase - messages: see you bro there
15:29:31.107 [main] INFO  javadatabases.OperatorDatabase - Connected to server successfull
15:29:31.127 [main] INFO  javadatabases.OperatorDatabase - Database already exists
15:29:31.128 [main] INFO  javadatabases.OperatorDatabase - Database selected successfully
15:29:31.129 [main] INFO  javadatabases.OperatorDatabase - OPERATOR_DATA already exists
15:29:31.131 [main] INFO  javadatabases.OperatorDatabase - Message table already exists
15:29:31.172 [main] INFO  javadatabases.OperatorDatabase - Duplicate values inserted in operator table
15:29:31.186 [main] INFO  javadatabases.OperatorDatabase - Duplicate values inserted in message table
15:29:31.221 [main] INFO  javadatabases.OperatorDatabase - Created operator table in given database
15:29:31.258 [main] INFO  javadatabases.OperatorDatabase - Inserted region values
15:29:31.276 [main] INFO  javadatabases.OperatorDatabase - executing query : Select MESSAGE FROM MESSAGE_DATA WHERE SENDER_NUMBER = 8872049908
15:29:31.277 [main] INFO  javadatabases.OperatorDatabase - messages: same time same place
15:29:31.277 [main] INFO  javadatabases.OperatorDatabase - messages: thats it for you
15:29:31.277 [main] INFO  javadatabases.OperatorDatabase - ****
15:29:31.278 [main] INFO  javadatabases.OperatorDatabase - executing query : Select MESSAGE FROM MESSAGE_DATA WHERE RECIEVER_NUMBER = 9872848978
15:29:31.278 [main] INFO  javadatabases.OperatorDatabase - messages: Hi ali hows you
15:29:31.279 [main] INFO  javadatabases.OperatorDatabase - ****
15:29:31.280 [main] INFO  javadatabases.OperatorDatabase - executing query : Select MESSAGE FROM MESSAGE_DATA WHERE YEAR(SENT_TIME) BETWEEN 2021 AND 2022
15:29:31.280 [main] INFO  javadatabases.OperatorDatabase - messages: we are going to have a problem soon bro
15:29:31.280 [main] INFO  javadatabases.OperatorDatabase - messages: hehehehehhehe
15:29:31.280 [main] INFO  javadatabases.OperatorDatabase - messages: hehehehehhehe
15:29:31.280 [main] INFO  javadatabases.OperatorDatabase - messages: its time to sleep
15:29:31.281 [main] INFO  javadatabases.OperatorDatabase - messages: see you bro there
15:29:31.281 [main] INFO  javadatabases.OperatorDatabase - messages: same time same place
15:29:31.281 [main] INFO  javadatabases.OperatorDatabase - messages: we are going to gym
15:29:31.281 [main] INFO  javadatabases.OperatorDatabase - messages: dont call back 
15:29:31.281 [main] INFO  javadatabases.OperatorDatabase - messages: please call back
15:29:31.282 [main] INFO  javadatabases.OperatorDatabase - messages: we ll probably not finish this by today
15:29:31.282 [main] INFO  javadatabases.OperatorDatabase - messages: we ll do that
15:29:31.282 [main] INFO  javadatabases.OperatorDatabase - messages: thats it for you
15:29:31.282 [main] INFO  javadatabases.OperatorDatabase - messages: they are late
15:29:31.283 [main] INFO  javadatabases.OperatorDatabase - messages: rejected idea
15:29:31.283 [main] INFO  javadatabases.OperatorDatabase - messages: select them all
15:29:31.283 [main] INFO  javadatabases.OperatorDatabase - messages: buy everything
15:29:31.283 [main] INFO  javadatabases.OperatorDatabase - messages: got it
15:29:31.283 [main] INFO  javadatabases.OperatorDatabase - messages: thats it tired
15:29:31.283 [main] INFO  javadatabases.OperatorDatabase - messages: Hi ali hows you
15:29:31.284 [main] INFO  javadatabases.OperatorDatabase - ****
15:29:31.285 [main] INFO  javadatabases.OperatorDatabase - executing query : Select MESSAGE FROM MESSAGE_DATA WHERE RECIEVER_NUMBER = 9872848978 AND FLOOR(((SENDER_NUMBER/100000) %10)) = 4
15:29:31.285 [main] INFO  javadatabases.OperatorDatabase - messages: Hi ali hows you
15:29:31.285 [main] INFO  javadatabases.OperatorDatabase - ****
15:29:31.286 [main] INFO  javadatabases.OperatorDatabase - executing query : Select MESSAGE FROM MESSAGE_DATA WHERE RECIEVER_NUMBER = 8872349908 AND FLOOR(((SENDER_NUMBER/100000) %10)) = 4 AND FLOOR(SENDER_NUMBER/1000000) = 9872
15:29:31.286 [main] INFO  javadatabases.OperatorDatabase - messages: please call back
15:29:31.287 [main] INFO  javadatabases.OperatorDatabase - messages: select them all
15:29:31.287 [main] INFO  javadatabases.OperatorDatabase - ****
15:29:31.288 [main] INFO  javadatabases.OperatorDatabase - executing query : Select MESSAGE FROM MESSAGE_DATA WHERE FLOOR(RECIEVER_NUMBER/100) = 98728489
15:29:31.288 [main] INFO  javadatabases.OperatorDatabase - messages: we are going to have a problem soon bro
15:29:31.289 [main] INFO  javadatabases.OperatorDatabase - messages: we ll probably not finish this by today
15:29:31.289 [main] INFO  javadatabases.OperatorDatabase - messages: got it
15:29:31.289 [main] INFO  javadatabases.OperatorDatabase - messages: Hi ali hows you
15:29:31.289 [main] INFO  javadatabases.OperatorDatabase - ****
15:29:31.290 [main] INFO  javadatabases.OperatorDatabase - executing query : Select MESSAGE FROM MESSAGE_DATA WHERE STATUS = 'failed' AND FLOOR(((SENDER_NUMBER/100000) %10)) = 4
15:29:31.290 [main] INFO  javadatabases.OperatorDatabase - messages: hehehehehhehe
15:29:31.291 [main] INFO  javadatabases.OperatorDatabase - messages: see you bro there
16:45:05.173 [main] INFO  javadatabases.OperatorDatabase - Connected to server successfull
16:45:05.187 [main] INFO  javadatabases.OperatorDatabase - Database already exists
16:45:05.188 [main] INFO  javadatabases.OperatorDatabase - Database selected successfully
16:45:05.225 [main] INFO  javadatabases.OperatorDatabase - Created operator table in given database
16:45:05.226 [main] INFO  javadatabases.OperatorDatabase - Message table already exists
16:45:05.237 [main] ERROR javadatabases.OperatorDatabase - Error while inserting in operator table
16:45:34.135 [main] INFO  javadatabases.OperatorDatabase - Connected to server successfull
16:45:34.147 [main] INFO  javadatabases.OperatorDatabase - Database already exists
16:45:34.149 [main] INFO  javadatabases.OperatorDatabase - Database selected successfully
16:45:34.154 [main] INFO  javadatabases.OperatorDatabase - OPERATOR_Range_DATA already exists
16:45:34.155 [main] INFO  javadatabases.OperatorDatabase - Message table already exists
16:45:34.179 [main] INFO  javadatabases.OperatorDatabase - Inserted operator values
16:45:34.188 [main] INFO  javadatabases.OperatorDatabase - Duplicate values inserted in message table
16:45:34.189 [main] INFO  javadatabases.OperatorDatabase - regionInfo already exists
16:45:34.194 [main] INFO  javadatabases.OperatorDatabase - Duplicate values inserted in operator table
16:45:34.208 [main] INFO  javadatabases.OperatorDatabase - executing query : Select MESSAGE FROM MESSAGE_DATA WHERE SENDER_NUMBER = 8872049908
16:45:34.208 [main] INFO  javadatabases.OperatorDatabase - messages: same time same place
16:45:34.208 [main] INFO  javadatabases.OperatorDatabase - messages: thats it for you
16:45:34.209 [main] INFO  javadatabases.OperatorDatabase - ****
16:45:34.209 [main] INFO  javadatabases.OperatorDatabase - executing query : Select MESSAGE FROM MESSAGE_DATA WHERE RECIEVER_NUMBER = 9872848978
16:45:34.210 [main] INFO  javadatabases.OperatorDatabase - messages: Hi ali hows you
16:45:34.210 [main] INFO  javadatabases.OperatorDatabase - ****
16:45:34.211 [main] INFO  javadatabases.OperatorDatabase - executing query : Select MESSAGE FROM MESSAGE_DATA WHERE YEAR(SENT_TIME) BETWEEN 2021 AND 2022
16:45:34.211 [main] INFO  javadatabases.OperatorDatabase - messages: we are going to have a problem soon bro
16:45:34.211 [main] INFO  javadatabases.OperatorDatabase - messages: hehehehehhehe
16:45:34.211 [main] INFO  javadatabases.OperatorDatabase - messages: hehehehehhehe
16:45:34.211 [main] INFO  javadatabases.OperatorDatabase - messages: its time to sleep
16:45:34.211 [main] INFO  javadatabases.OperatorDatabase - messages: see you bro there
16:45:34.211 [main] INFO  javadatabases.OperatorDatabase - messages: same time same place
16:45:34.211 [main] INFO  javadatabases.OperatorDatabase - messages: we are going to gym
16:45:34.211 [main] INFO  javadatabases.OperatorDatabase - messages: dont call back 
16:45:34.211 [main] INFO  javadatabases.OperatorDatabase - messages: please call back
16:45:34.211 [main] INFO  javadatabases.OperatorDatabase - messages: we ll probably not finish this by today
16:45:34.212 [main] INFO  javadatabases.OperatorDatabase - messages: we ll do that
16:45:34.212 [main] INFO  javadatabases.OperatorDatabase - messages: thats it for you
16:45:34.212 [main] INFO  javadatabases.OperatorDatabase - messages: they are late
16:45:34.212 [main] INFO  javadatabases.OperatorDatabase - messages: rejected idea
16:45:34.212 [main] INFO  javadatabases.OperatorDatabase - messages: select them all
16:45:34.212 [main] INFO  javadatabases.OperatorDatabase - messages: buy everything
16:45:34.212 [main] INFO  javadatabases.OperatorDatabase - messages: got it
16:45:34.212 [main] INFO  javadatabases.OperatorDatabase - messages: thats it tired
16:45:34.212 [main] INFO  javadatabases.OperatorDatabase - messages: Hi ali hows you
16:45:34.212 [main] INFO  javadatabases.OperatorDatabase - ****
16:45:34.213 [main] INFO  javadatabases.OperatorDatabase - executing query : Select MESSAGE FROM MESSAGE_DATA WHERE RECIEVER_NUMBER = 9872848978 AND FLOOR(((SENDER_NUMBER/100000) %10)) = 4
16:45:34.213 [main] INFO  javadatabases.OperatorDatabase - messages: Hi ali hows you
16:45:34.213 [main] INFO  javadatabases.OperatorDatabase - ****
16:45:34.214 [main] INFO  javadatabases.OperatorDatabase - executing query : Select MESSAGE FROM MESSAGE_DATA WHERE RECIEVER_NUMBER = 8872349908 AND FLOOR(((SENDER_NUMBER/100000) %10)) = 4 AND FLOOR(SENDER_NUMBER/1000000) = 9872
16:45:34.214 [main] INFO  javadatabases.OperatorDatabase - messages: please call back
16:45:34.214 [main] INFO  javadatabases.OperatorDatabase - messages: select them all
16:45:34.214 [main] INFO  javadatabases.OperatorDatabase - ****
16:45:34.215 [main] INFO  javadatabases.OperatorDatabase - executing query : Select MESSAGE FROM MESSAGE_DATA WHERE FLOOR(RECIEVER_NUMBER/100) = 98728489
16:45:34.215 [main] INFO  javadatabases.OperatorDatabase - messages: we are going to have a problem soon bro
16:45:34.215 [main] INFO  javadatabases.OperatorDatabase - messages: we ll probably not finish this by today
16:45:34.215 [main] INFO  javadatabases.OperatorDatabase - messages: got it
16:45:34.216 [main] INFO  javadatabases.OperatorDatabase - messages: Hi ali hows you
16:45:34.216 [main] INFO  javadatabases.OperatorDatabase - ****
16:45:34.216 [main] INFO  javadatabases.OperatorDatabase - executing query : Select MESSAGE FROM MESSAGE_DATA WHERE STATUS = 'failed' AND FLOOR(((SENDER_NUMBER/100000) %10)) = 4
16:45:34.217 [main] INFO  javadatabases.OperatorDatabase - messages: hehehehehhehe
16:45:34.217 [main] INFO  javadatabases.OperatorDatabase - messages: see you bro there
17:27:53.882 [main] INFO  javadatabases.OperatorDatabase - Connected to server successfull
17:27:53.896 [main] INFO  javadatabases.OperatorDatabase - Database already exists
17:27:53.897 [main] INFO  javadatabases.OperatorDatabase - Database selected successfully
17:27:53.898 [main] INFO  javadatabases.OperatorDatabase - OPERATOR_Range_DATA already exists
17:27:53.899 [main] INFO  javadatabases.OperatorDatabase - Message table already exists
17:27:53.914 [main] INFO  javadatabases.OperatorDatabase - Duplicate values inserted in operator table
17:27:53.926 [main] INFO  javadatabases.OperatorDatabase - Duplicate values inserted in message table
17:27:53.927 [main] INFO  javadatabases.OperatorDatabase - regionInfo already exists
17:27:53.931 [main] INFO  javadatabases.OperatorDatabase - Duplicate values inserted in operator table
17:31:22.405 [main] INFO  javadatabases.OperatorDatabase - Connected to server successfull
17:31:22.418 [main] INFO  javadatabases.OperatorDatabase - Database already exists
17:31:22.419 [main] INFO  javadatabases.OperatorDatabase - Database selected successfully
17:31:22.420 [main] INFO  javadatabases.OperatorDatabase - OPERATOR_Range_DATA already exists
17:31:22.421 [main] INFO  javadatabases.OperatorDatabase - Message table already exists
17:31:22.433 [main] INFO  javadatabases.OperatorDatabase - Duplicate values inserted in operator table
17:31:22.443 [main] INFO  javadatabases.OperatorDatabase - Duplicate values inserted in message table
17:31:22.444 [main] INFO  javadatabases.OperatorDatabase - regionInfo already exists
17:31:22.448 [main] INFO  javadatabases.OperatorDatabase - Duplicate values inserted in operator table
17:31:56.708 [main] INFO  javadatabases.OperatorDatabase - Connected to server successfull
17:31:56.722 [main] INFO  javadatabases.OperatorDatabase - Database already exists
17:31:56.723 [main] INFO  javadatabases.OperatorDatabase - Database selected successfully
17:31:56.724 [main] INFO  javadatabases.OperatorDatabase - OPERATOR_Range_DATA already exists
17:31:56.725 [main] INFO  javadatabases.OperatorDatabase - Message table already exists
17:31:56.726 [main] INFO  javadatabases.OperatorDatabase - regionInfo already exists
17:32:07.570 [main] INFO  javadatabases.OperatorDatabase - Connected to server successfull
17:32:07.584 [main] INFO  javadatabases.OperatorDatabase - Database already exists
17:32:07.584 [main] INFO  javadatabases.OperatorDatabase - Database selected successfully
17:32:07.585 [main] INFO  javadatabases.OperatorDatabase - OPERATOR_Range_DATA already exists
17:32:07.586 [main] INFO  javadatabases.OperatorDatabase - Message table already exists
18:11:50.954 [main] INFO  javadatabases.OperatorDatabase - Connected to server successfull
18:11:51.065 [main] INFO  javadatabases.OperatorDatabase - Dropped successfully
18:11:51.070 [main] INFO  javadatabases.OperatorDatabase - Database created successfully
18:11:51.070 [main] INFO  javadatabases.OperatorDatabase - Database selected successfully
18:11:51.093 [main] INFO  javadatabases.OperatorDatabase - Created operator table in given database
18:11:51.116 [main] INFO  javadatabases.OperatorDatabase - Created message table in given database
18:13:47.372 [main] INFO  javadatabases.OperatorDatabase - Connected to server successfull
18:13:47.411 [main] INFO  javadatabases.OperatorDatabase - Dropped successfully
18:13:47.416 [main] INFO  javadatabases.OperatorDatabase - Database created successfully
18:13:47.416 [main] INFO  javadatabases.OperatorDatabase - Database selected successfully
18:13:47.438 [main] INFO  javadatabases.OperatorDatabase - Created operator table in given database
18:13:47.458 [main] INFO  javadatabases.OperatorDatabase - Created message table in given database
18:15:09.201 [main] INFO  javadatabases.OperatorDatabase - Connected to server successfull
18:15:09.249 [main] INFO  javadatabases.OperatorDatabase - Dropped successfully
18:15:09.254 [main] INFO  javadatabases.OperatorDatabase - Database created successfully
18:15:09.255 [main] INFO  javadatabases.OperatorDatabase - Database selected successfully
18:15:09.275 [main] INFO  javadatabases.OperatorDatabase - Created operator table in given database
18:15:09.296 [main] INFO  javadatabases.OperatorDatabase - Created message table in given database
18:15:09.317 [main] INFO  javadatabases.OperatorDatabase - Created operator table in given database
18:15:09.345 [main] INFO  javadatabases.OperatorDatabase - Inserted operator values
18:15:09.421 [main] INFO  javadatabases.OperatorDatabase - Inserted message details values
18:15:09.452 [main] INFO  javadatabases.OperatorDatabase - Inserted region values
18:18:29.636 [main] INFO  javadatabases.OperatorDatabase - Connected to server successfull
18:18:29.713 [main] INFO  javadatabases.OperatorDatabase - Dropped successfully
18:18:29.718 [main] INFO  javadatabases.OperatorDatabase - Database created successfully
18:18:29.718 [main] INFO  javadatabases.OperatorDatabase - Database selected successfully
18:18:29.740 [main] INFO  javadatabases.OperatorDatabase - Created operator table in given database
18:18:29.760 [main] INFO  javadatabases.OperatorDatabase - Created message table in given database
18:18:29.779 [main] INFO  javadatabases.OperatorDatabase - Created operator table in given database
18:18:29.806 [main] INFO  javadatabases.OperatorDatabase - Inserted operator values
18:18:29.885 [main] INFO  javadatabases.OperatorDatabase - Inserted message details values
18:18:29.914 [main] INFO  javadatabases.OperatorDatabase - Inserted region values
18:18:29.925 [main] ERROR javadatabases.OperatorDatabase - Error while executing query Select f FROM MESSAGE_DATA WHERE SENDER_NUMBER = 8872049908
18:18:29.925 [main] INFO  javadatabases.OperatorDatabase - ****
18:18:29.927 [main] INFO  javadatabases.OperatorDatabase - executing query : Select MESSAGE FROM MESSAGE_DATA WHERE RECIEVER_NUMBER = 9872848978
18:18:29.927 [main] INFO  javadatabases.OperatorDatabase - messages: Hi ali hows you
18:18:29.927 [main] INFO  javadatabases.OperatorDatabase - ****
18:18:29.928 [main] INFO  javadatabases.OperatorDatabase - executing query : Select MESSAGE FROM MESSAGE_DATA WHERE YEAR(SENT_TIME) BETWEEN 2021 AND 2022
18:18:29.928 [main] INFO  javadatabases.OperatorDatabase - messages: we are going to have a problem soon bro
18:18:29.928 [main] INFO  javadatabases.OperatorDatabase - messages: hehehehehhehe
18:18:29.928 [main] INFO  javadatabases.OperatorDatabase - messages: hehehehehhehe
18:18:29.928 [main] INFO  javadatabases.OperatorDatabase - messages: its time to sleep
18:18:29.928 [main] INFO  javadatabases.OperatorDatabase - messages: see you bro there
18:18:29.928 [main] INFO  javadatabases.OperatorDatabase - messages: same time same place
18:18:29.928 [main] INFO  javadatabases.OperatorDatabase - messages: we are going to gym
18:18:29.928 [main] INFO  javadatabases.OperatorDatabase - messages: dont call back 
18:18:29.928 [main] INFO  javadatabases.OperatorDatabase - messages: please call back
18:18:29.929 [main] INFO  javadatabases.OperatorDatabase - messages: we ll probably not finish this by today
18:18:29.929 [main] INFO  javadatabases.OperatorDatabase - messages: we ll do that
18:18:29.929 [main] INFO  javadatabases.OperatorDatabase - messages: thats it for you
18:18:29.929 [main] INFO  javadatabases.OperatorDatabase - messages: they are late
18:18:29.929 [main] INFO  javadatabases.OperatorDatabase - messages: rejected idea
18:18:29.929 [main] INFO  javadatabases.OperatorDatabase - messages: select them all
18:18:29.929 [main] INFO  javadatabases.OperatorDatabase - messages: buy everything
18:18:29.929 [main] INFO  javadatabases.OperatorDatabase - messages: got it
18:18:29.929 [main] INFO  javadatabases.OperatorDatabase - messages: thats it tired
18:18:29.929 [main] INFO  javadatabases.OperatorDatabase - messages: Hi ali hows you
18:18:29.929 [main] INFO  javadatabases.OperatorDatabase - ****
18:18:29.930 [main] INFO  javadatabases.OperatorDatabase - executing query : Select MESSAGE FROM MESSAGE_DATA WHERE RECIEVER_NUMBER = 9872848978 AND FLOOR(((SENDER_NUMBER/100000) %10)) = (select region_id from regioninfo where region = 'Punjab')
18:18:29.930 [main] INFO  javadatabases.OperatorDatabase - messages: Hi ali hows you
18:18:29.931 [main] INFO  javadatabases.OperatorDatabase - ****
18:18:29.931 [main] INFO  javadatabases.OperatorDatabase - executing query : Select MESSAGE FROM MESSAGE_DATA WHERE RECIEVER_NUMBER = 8872349908 AND FLOOR(((SENDER_NUMBER/100000) %10)) = 4 AND FLOOR(SENDER_NUMBER/1000000) = 9872
18:18:29.931 [main] INFO  javadatabases.OperatorDatabase - messages: please call back
18:18:29.931 [main] INFO  javadatabases.OperatorDatabase - messages: select them all
18:18:29.932 [main] INFO  javadatabases.OperatorDatabase - ****
18:18:29.932 [main] INFO  javadatabases.OperatorDatabase - executing query : Select MESSAGE FROM MESSAGE_DATA WHERE FLOOR(RECIEVER_NUMBER/100) = 98728489
18:18:29.932 [main] INFO  javadatabases.OperatorDatabase - messages: we are going to have a problem soon bro
18:18:29.932 [main] INFO  javadatabases.OperatorDatabase - messages: we ll probably not finish this by today
18:18:29.932 [main] INFO  javadatabases.OperatorDatabase - messages: got it
18:18:29.932 [main] INFO  javadatabases.OperatorDatabase - messages: Hi ali hows you
18:18:29.933 [main] INFO  javadatabases.OperatorDatabase - ****
18:18:29.933 [main] INFO  javadatabases.OperatorDatabase - executing query : Select MESSAGE FROM MESSAGE_DATA WHERE STATUS = 'failed' AND FLOOR(((SENDER_NUMBER/100000) %10)) = 4
18:18:29.933 [main] INFO  javadatabases.OperatorDatabase - messages: hehehehehhehe
18:18:29.933 [main] INFO  javadatabases.OperatorDatabase - messages: see you bro there
18:18:58.097 [main] INFO  javadatabases.OperatorDatabase - Connected to server successfull
18:18:58.132 [main] INFO  javadatabases.OperatorDatabase - Dropped successfully
18:18:58.137 [main] INFO  javadatabases.OperatorDatabase - Database created successfully
18:18:58.137 [main] INFO  javadatabases.OperatorDatabase - Database selected successfully
18:18:58.157 [main] INFO  javadatabases.OperatorDatabase - Created operator table in given database
18:18:58.179 [main] INFO  javadatabases.OperatorDatabase - Created message table in given database
18:18:58.202 [main] INFO  javadatabases.OperatorDatabase - Created operator table in given database
18:18:58.227 [main] INFO  javadatabases.OperatorDatabase - Inserted operator values
18:18:58.299 [main] INFO  javadatabases.OperatorDatabase - Inserted message details values
18:18:58.328 [main] INFO  javadatabases.OperatorDatabase - Inserted region values
18:18:58.332 [main] INFO  javadatabases.OperatorDatabase - ****
18:18:58.332 [main] INFO  javadatabases.OperatorDatabase - ****
18:18:58.333 [main] INFO  javadatabases.OperatorDatabase - ****
18:18:58.334 [main] INFO  javadatabases.OperatorDatabase - executing query : Select MESSAGE FROM MESSAGE_DATA WHERE RECIEVER_NUMBER = 9872848978 AND FLOOR(((SENDER_NUMBER/100000) %10)) = (select region_id from regioninfo where region = 'Punjab')
18:18:58.334 [main] INFO  javadatabases.OperatorDatabase - messages: Hi ali hows you
18:18:58.334 [main] INFO  javadatabases.OperatorDatabase - ****
18:18:58.334 [main] INFO  javadatabases.OperatorDatabase - ****
18:18:58.335 [main] INFO  javadatabases.OperatorDatabase - ****
18:19:17.181 [main] INFO  javadatabases.OperatorDatabase - Connected to server successfull
18:19:17.223 [main] INFO  javadatabases.OperatorDatabase - Dropped successfully
18:19:17.227 [main] INFO  javadatabases.OperatorDatabase - Database created successfully
18:19:17.228 [main] INFO  javadatabases.OperatorDatabase - Database selected successfully
18:19:17.248 [main] INFO  javadatabases.OperatorDatabase - Created operator table in given database
18:19:17.269 [main] INFO  javadatabases.OperatorDatabase - Created message table in given database
18:19:17.289 [main] INFO  javadatabases.OperatorDatabase - Created operator table in given database
18:19:17.314 [main] INFO  javadatabases.OperatorDatabase - Inserted operator values
18:19:17.393 [main] INFO  javadatabases.OperatorDatabase - Inserted message details values
18:19:17.421 [main] INFO  javadatabases.OperatorDatabase - Inserted region values
18:19:17.427 [main] INFO  javadatabases.OperatorDatabase - executing query : Select MESSAGE FROM MESSAGE_DATA WHERE RECIEVER_NUMBER = 9872848978 AND FLOOR(((SENDER_NUMBER/100000) %10)) = (select region_id from regioninfo where region = 'Punjab')
18:19:17.427 [main] INFO  javadatabases.OperatorDatabase - messages: Hi ali hows you
18:20:27.905 [main] INFO  javadatabases.OperatorDatabase - Connected to server successfull
18:20:27.952 [main] INFO  javadatabases.OperatorDatabase - Dropped successfully
18:20:27.955 [main] INFO  javadatabases.OperatorDatabase - Database created successfully
18:20:27.956 [main] INFO  javadatabases.OperatorDatabase - Database selected successfully
18:20:27.976 [main] INFO  javadatabases.OperatorDatabase - Created operator table in given database
18:20:27.997 [main] INFO  javadatabases.OperatorDatabase - Created message table in given database
18:20:28.034 [main] INFO  javadatabases.OperatorDatabase - Created operator table in given database
18:20:28.063 [main] INFO  javadatabases.OperatorDatabase - Inserted operator values
18:20:28.136 [main] INFO  javadatabases.OperatorDatabase - Inserted message details values
18:20:28.164 [main] INFO  javadatabases.OperatorDatabase - Inserted region values
18:20:28.170 [main] INFO  javadatabases.OperatorDatabase - executing query : Select MESSAGE FROM MESSAGE_DATA WHERE RECIEVER_NUMBER = 9872848978 AND FLOOR(((SENDER_NUMBER/100000) %10)) = (select region_id from regioninfo where region = 'Punjab')
18:20:28.170 [main] INFO  javadatabases.OperatorDatabase - messages: Hi ali hows you
18:20:28.170 [main] INFO  javadatabases.OperatorDatabase - ****
18:20:37.596 [main] INFO  javadatabases.OperatorDatabase - Connected to server successfull
18:20:37.634 [main] INFO  javadatabases.OperatorDatabase - Dropped successfully
18:20:37.639 [main] INFO  javadatabases.OperatorDatabase - Database created successfully
18:20:37.639 [main] INFO  javadatabases.OperatorDatabase - Database selected successfully
18:20:37.658 [main] INFO  javadatabases.OperatorDatabase - Created operator table in given database
18:20:37.707 [main] INFO  javadatabases.OperatorDatabase - Created message table in given database
18:20:37.725 [main] INFO  javadatabases.OperatorDatabase - Created operator table in given database
18:20:37.751 [main] INFO  javadatabases.OperatorDatabase - Inserted operator values
18:20:37.827 [main] INFO  javadatabases.OperatorDatabase - Inserted message details values
18:20:37.854 [main] INFO  javadatabases.OperatorDatabase - Inserted region values
18:20:37.861 [main] INFO  javadatabases.OperatorDatabase - executing query : Select MESSAGE FROM MESSAGE_DATA WHERE RECIEVER_NUMBER = 9872848978 AND FLOOR(((SENDER_NUMBER/100000) %10)) = (select region_id from regioninfo where region = 'Punjab')
18:20:37.861 [main] INFO  javadatabases.OperatorDatabase - messages: Hi ali hows you
18:20:37.861 [main] INFO  javadatabases.OperatorDatabase - ****
18:20:37.862 [main] INFO  javadatabases.OperatorDatabase - executing query : Select MESSAGE FROM MESSAGE_DATA WHERE RECIEVER_NUMBER = 9872848978 AND FLOOR(((SENDER_NUMBER/100000) %10)) = 4
18:20:37.862 [main] INFO  javadatabases.OperatorDatabase - messages: Hi ali hows you
19:06:13.943 [main] INFO  javadatabases.OperatorDatabase - Connected to server successfull
19:06:14.012 [main] INFO  javadatabases.OperatorDatabase - Dropped successfully
19:06:14.019 [main] INFO  javadatabases.OperatorDatabase - Database created successfully
19:06:14.020 [main] INFO  javadatabases.OperatorDatabase - Database selected successfully
19:06:14.046 [main] INFO  javadatabases.OperatorDatabase - Created operator table in given database
19:06:14.105 [main] INFO  javadatabases.OperatorDatabase - Created message table in given database
19:06:14.136 [main] INFO  javadatabases.OperatorDatabase - Created operator table in given database
19:06:14.171 [main] INFO  javadatabases.OperatorDatabase - Inserted operator values
19:06:14.285 [main] INFO  javadatabases.OperatorDatabase - Inserted message details values
19:06:14.343 [main] INFO  javadatabases.OperatorDatabase - Inserted region values
19:06:14.359 [main] INFO  javadatabases.OperatorDatabase - executing query : Select A.MESSAGE FROM MESSAGE_DATA A INNER JOIN REGIONINFO b on FLOOR(((a.SENDER_NUMBER/100000) %10)) = b.region_id WHERE a.RECIEVER_NUMBER = 9872848978 
19:06:14.360 [main] INFO  javadatabases.OperatorDatabase - messages: Hi ali hows you
19:06:14.360 [main] INFO  javadatabases.OperatorDatabase - ****
19:06:29.480 [main] INFO  javadatabases.OperatorDatabase - Connected to server successfull
19:06:29.561 [main] INFO  javadatabases.OperatorDatabase - Dropped successfully
19:06:29.574 [main] INFO  javadatabases.OperatorDatabase - Database created successfully
19:06:29.577 [main] INFO  javadatabases.OperatorDatabase - Database selected successfully
19:06:29.633 [main] INFO  javadatabases.OperatorDatabase - Created operator table in given database
19:06:29.692 [main] INFO  javadatabases.OperatorDatabase - Created message table in given database
19:06:29.750 [main] INFO  javadatabases.OperatorDatabase - Created operator table in given database
19:06:29.825 [main] INFO  javadatabases.OperatorDatabase - Inserted operator values
19:06:30.027 [main] INFO  javadatabases.OperatorDatabase - Inserted message details values
19:06:30.094 [main] INFO  javadatabases.OperatorDatabase - Inserted region values
19:06:30.118 [main] INFO  javadatabases.OperatorDatabase - executing query : Select MESSAGE FROM MESSAGE_DATA WHERE RECIEVER_NUMBER = 9872848978 AND FLOOR(((SENDER_NUMBER/100000) %10)) = 4
19:06:30.119 [main] INFO  javadatabases.OperatorDatabase - messages: Hi ali hows you
19:06:30.120 [main] INFO  javadatabases.OperatorDatabase - ****
19:07:01.991 [main] INFO  javadatabases.OperatorDatabase - Connected to server successfull
19:07:02.100 [main] INFO  javadatabases.OperatorDatabase - Dropped successfully
19:07:02.112 [main] INFO  javadatabases.OperatorDatabase - Database created successfully
19:07:02.115 [main] INFO  javadatabases.OperatorDatabase - Database selected successfully
19:07:02.174 [main] INFO  javadatabases.OperatorDatabase - Created operator table in given database
19:07:02.233 [main] INFO  javadatabases.OperatorDatabase - Created message table in given database
19:07:02.291 [main] INFO  javadatabases.OperatorDatabase - Created operator table in given database
19:07:02.362 [main] INFO  javadatabases.OperatorDatabase - Inserted operator values
19:07:02.566 [main] INFO  javadatabases.OperatorDatabase - Inserted message details values
19:07:02.605 [main] INFO  javadatabases.OperatorDatabase - Inserted region values
19:07:02.613 [main] INFO  javadatabases.OperatorDatabase - ****
19:07:02.624 [main] ERROR javadatabases.OperatorDatabase - Error while executing query Select MESSAGE FROM MESSAGE_DATA WHERE RECIEVER_NUMBER = 8872349908 AND FLOOR(((SENDER_NUMBER/100000) %10)) = (select region_id from regioninfo where region = 'Punjab') AND FLOOR(SENDER_NUMBER/1000000) = (Select phone_range where operator = 'airtel')
19:07:28.227 [main] INFO  javadatabases.OperatorDatabase - Connected to server successfull
19:07:28.327 [main] INFO  javadatabases.OperatorDatabase - Dropped successfully
19:07:28.338 [main] INFO  javadatabases.OperatorDatabase - Database created successfully
19:07:28.341 [main] INFO  javadatabases.OperatorDatabase - Database selected successfully
19:07:28.403 [main] INFO  javadatabases.OperatorDatabase - Created operator table in given database
19:07:28.460 [main] INFO  javadatabases.OperatorDatabase - Created message table in given database
19:07:28.516 [main] INFO  javadatabases.OperatorDatabase - Created operator table in given database
19:07:28.592 [main] INFO  javadatabases.OperatorDatabase - Inserted operator values
19:07:28.825 [main] INFO  javadatabases.OperatorDatabase - Inserted message details values
19:07:28.880 [main] INFO  javadatabases.OperatorDatabase - Inserted region values
19:07:28.892 [main] INFO  javadatabases.OperatorDatabase - ****
19:07:28.910 [main] ERROR javadatabases.OperatorDatabase - Error while executing query Select MESSAGE FROM MESSAGE_DATA WHERE RECIEVER_NUMBER = 8872349908 AND FLOOR(((SENDER_NUMBER/100000) %10)) = (select region_id from regioninfo where region = 'Punjab') AND FLOOR(SENDER_NUMBER/1000000) = (Select phone_range where operator = 'Airtel')
19:08:53.323 [main] INFO  javadatabases.OperatorDatabase - Connected to server successfull
19:08:53.395 [main] INFO  javadatabases.OperatorDatabase - Dropped successfully
19:08:53.401 [main] INFO  javadatabases.OperatorDatabase - Database created successfully
19:08:53.402 [main] INFO  javadatabases.OperatorDatabase - Database selected successfully
19:08:53.452 [main] INFO  javadatabases.OperatorDatabase - Created operator table in given database
19:08:53.507 [main] INFO  javadatabases.OperatorDatabase - Created message table in given database
19:08:53.588 [main] INFO  javadatabases.OperatorDatabase - Created operator table in given database
19:08:53.656 [main] INFO  javadatabases.OperatorDatabase - Inserted operator values
19:08:53.837 [main] INFO  javadatabases.OperatorDatabase - Inserted message details values
19:08:53.885 [main] INFO  javadatabases.OperatorDatabase - Inserted region values
19:08:53.894 [main] INFO  javadatabases.OperatorDatabase - ****
19:08:53.896 [main] INFO  javadatabases.OperatorDatabase - executing query : Select MESSAGE FROM MESSAGE_DATA WHERE RECIEVER_NUMBER = 8872349908 AND FLOOR(((SENDER_NUMBER/100000) %10)) = 4 AND FLOOR(SENDER_NUMBER/1000000) = 9872
19:08:53.897 [main] INFO  javadatabases.OperatorDatabase - messages: please call back
19:08:53.897 [main] INFO  javadatabases.OperatorDatabase - messages: select them all
19:21:03.030 [main] INFO  javadatabases.OperatorDatabase - Connected to server successfull
19:21:03.094 [main] INFO  javadatabases.OperatorDatabase - Dropped successfully
19:21:03.100 [main] INFO  javadatabases.OperatorDatabase - Database created successfully
19:21:03.101 [main] INFO  javadatabases.OperatorDatabase - Database selected successfully
19:21:03.130 [main] INFO  javadatabases.OperatorDatabase - Created operator table in given database
19:21:03.200 [main] INFO  javadatabases.OperatorDatabase - Created message table in given database
19:21:03.271 [main] INFO  javadatabases.OperatorDatabase - Created operator table in given database
19:21:03.345 [main] INFO  javadatabases.OperatorDatabase - Inserted operator values
19:21:03.543 [main] INFO  javadatabases.OperatorDatabase - Inserted message details values
19:21:03.613 [main] INFO  javadatabases.OperatorDatabase - Inserted region values
19:21:03.627 [main] INFO  javadatabases.OperatorDatabase - ****
19:21:03.635 [main] ERROR javadatabases.OperatorDatabase - Error while executing query 
19:25:16.900 [main] INFO  javadatabases.OperatorDatabase - Connected to server successfull
19:25:16.977 [main] INFO  javadatabases.OperatorDatabase - Dropped successfully
19:25:16.989 [main] INFO  javadatabases.OperatorDatabase - Database created successfully
19:25:16.992 [main] INFO  javadatabases.OperatorDatabase - Database selected successfully
19:25:17.058 [main] INFO  javadatabases.OperatorDatabase - Created operator table in given database
19:25:17.118 [main] INFO  javadatabases.OperatorDatabase - Created message table in given database
19:25:17.177 [main] INFO  javadatabases.OperatorDatabase - Created operator table in given database
19:25:17.250 [main] INFO  javadatabases.OperatorDatabase - Inserted operator values
19:25:17.437 [main] INFO  javadatabases.OperatorDatabase - Inserted message details values
19:25:17.472 [main] INFO  javadatabases.OperatorDatabase - Inserted region values
19:25:17.480 [main] INFO  javadatabases.OperatorDatabase - ****
19:25:17.493 [main] ERROR javadatabases.OperatorDatabase - Error while executing query SELECT S.MESSAGE FROM MESSAGE_DATA A INNER JOIN ON REGIONINFO B ON FLOOR(((A.SENDER_NUMBER/100000) %10)) = B.REGION_ID inner join operator_range_data c on FLOOR(a.SENDER_NUMBER/1000000) = c.phone_range;
19:25:33.836 [main] INFO  javadatabases.OperatorDatabase - Connected to server successfull
19:25:33.907 [main] INFO  javadatabases.OperatorDatabase - Dropped successfully
19:25:33.915 [main] INFO  javadatabases.OperatorDatabase - Database created successfully
19:25:33.917 [main] INFO  javadatabases.OperatorDatabase - Database selected successfully
19:25:33.951 [main] INFO  javadatabases.OperatorDatabase - Created operator table in given database
19:25:33.997 [main] INFO  javadatabases.OperatorDatabase - Created message table in given database
19:25:34.051 [main] INFO  javadatabases.OperatorDatabase - Created operator table in given database
19:25:34.125 [main] INFO  javadatabases.OperatorDatabase - Inserted operator values
19:25:34.297 [main] INFO  javadatabases.OperatorDatabase - Inserted message details values
19:25:34.332 [main] INFO  javadatabases.OperatorDatabase - Inserted region values
19:25:34.340 [main] INFO  javadatabases.OperatorDatabase - ****
19:25:34.353 [main] ERROR javadatabases.OperatorDatabase - Error while executing query SELECT A.MESSAGE FROM MESSAGE_DATA A INNER JOIN ON REGIONINFO B ON FLOOR(((A.SENDER_NUMBER/100000) %10)) = B.REGION_ID inner join operator_range_data c on FLOOR(a.SENDER_NUMBER/1000000) = c.phone_range;
